<?xml version="1.0" encoding="UTF-8"?>
<!-- Generated by org.testng.reporters.JUnitReportReporter -->
<testsuite hostname="RAKHI-PC" name="com.jpmchase.digital.FirstTestNG" tests="1" failures="0" timestamp="7 Aug 2016 23:01:56 GMT" time="8.456" errors="0">
  <testcase name="testEasy" time="8.456" classname="com.jpmchase.digital.FirstTestNG"/>
</testsuite> <!-- com.jpmchase.digital.FirstTestNG -->
